# JRE version: OpenJDK Runtime Environment (16.0.1+9) (build 16.0.1+9-24)
# Java VM: OpenJDK 64-Bit Server VM (16.0.1+9-24, mixed mode, sharing, tiered, compressed oops, compressed class ptrs, g1 gc, linux-amd64)
GC Precious Log:
 CPUs: 16 total, 16 available
 Memory: 15995M
 Large Page Support: Disabled
 NUMA Support: Disabled
 Compressed Oops: Enabled (Zero based)
 Heap Region Size: 2M
 Heap Min Capacity: 8M
 Heap Initial Capacity: 250M
 Heap Max Capacity: 4000M
 Pre-touch: Disabled
 Parallel Workers: 13
 Concurrent Workers: 3
 Concurrent Refinement Workers: 13
 Periodic GC: Disabled
Heap:
 garbage-first heap   total 159744K, used 114116K [0x0000000706000000, 0x0000000800000000)
  region size 2048K, 49 young (100352K), 4 survivors (8192K)
 Metaspace       used 52701K, committed 53056K, reserved 1097728K
  class space    used 7165K, committed 7360K, reserved 1048576K
GC Heap History (17 events):
Event: 0,337 GC heap before
{Heap before GC invocations=0 (full 0):
 garbage-first heap   total 260096K, used 22484K [0x0000000706000000, 0x0000000800000000)
  region size 2048K, 11 young (22528K), 0 survivors (0K)
 Metaspace       used 4836K, committed 5056K, reserved 1056768K
  class space    used 579K, committed 704K, reserved 1048576K
}
Event: 0,339 GC heap after
{Heap after GC invocations=1 (full 0):
 garbage-first heap   total 260096K, used 7573K [0x0000000706000000, 0x0000000800000000)
  region size 2048K, 2 young (4096K), 2 survivors (4096K)
 Metaspace       used 4836K, committed 5056K, reserved 1056768K
  class space    used 579K, committed 704K, reserved 1048576K
}
Event: 0,746 GC heap before
{Heap before GC invocations=1 (full 0):
 garbage-first heap   total 260096K, used 38293K [0x0000000706000000, 0x0000000800000000)
  region size 2048K, 17 young (34816K), 2 survivors (4096K)
 Metaspace       used 11654K, committed 11840K, reserved 1064960K
  class space    used 1468K, committed 1536K, reserved 1048576K
}
Event: 0,748 GC heap after
{Heap after GC invocations=2 (full 0):
 garbage-first heap   total 260096K, used 10344K [0x0000000706000000, 0x0000000800000000)
  region size 2048K, 2 young (4096K), 2 survivors (4096K)
 Metaspace       used 11654K, committed 11840K, reserved 1064960K
  class space    used 1468K, committed 1536K, reserved 1048576K
}
Event: 1,180 GC heap before
{Heap before GC invocations=2 (full 0):
 garbage-first heap   total 260096K, used 104552K [0x0000000706000000, 0x0000000800000000)
  region size 2048K, 50 young (102400K), 2 survivors (4096K)
 Metaspace       used 21077K, committed 21248K, reserved 1073152K
  class space    used 2790K, committed 2880K, reserved 1048576K
}
Event: 1,184 GC heap after
{Heap after GC invocations=3 (full 0):
 garbage-first heap   total 260096K, used 13962K [0x0000000706000000, 0x0000000800000000)
  region size 2048K, 3 young (6144K), 3 survivors (6144K)
 Metaspace       used 21077K, committed 21248K, reserved 1073152K
  class space    used 2790K, committed 2880K, reserved 1048576K
}
Event: 1,489 GC heap before
{Heap before GC invocations=4 (full 0):
 garbage-first heap   total 61440K, used 48778K [0x0000000706000000, 0x0000000800000000)
  region size 2048K, 20 young (40960K), 3 survivors (6144K)
 Metaspace       used 26062K, committed 26304K, reserved 1073152K
  class space    used 3518K, committed 3648K, reserved 1048576K
}
Event: 1,494 GC heap after
{Heap after GC invocations=5 (full 0):
 garbage-first heap   total 61440K, used 16684K [0x0000000706000000, 0x0000000800000000)
  region size 2048K, 2 young (4096K), 2 survivors (4096K)
 Metaspace       used 26062K, committed 26304K, reserved 1073152K
  class space    used 3518K, committed 3648K, reserved 1048576K
}
Event: 1,747 GC heap before
{Heap before GC invocations=5 (full 0):
 garbage-first heap   total 61440K, used 39212K [0x0000000706000000, 0x0000000800000000)
  region size 2048K, 13 young (26624K), 2 survivors (4096K)
 Metaspace       used 35037K, committed 35328K, reserved 1081344K
  class space    used 4702K, committed 4864K, reserved 1048576K
}
Event: 1,751 GC heap after
{Heap after GC invocations=6 (full 0):
 garbage-first heap   total 61440K, used 19794K [0x0000000706000000, 0x0000000800000000)
  region size 2048K, 2 young (4096K), 2 survivors (4096K)
 Metaspace       used 35037K, committed 35328K, reserved 1081344K
  class space    used 4702K, committed 4864K, reserved 1048576K
}
Event: 1,759 GC heap before
{Heap before GC invocations=6 (full 0):
 garbage-first heap   total 61440K, used 19794K [0x0000000706000000, 0x0000000800000000)
  region size 2048K, 3 young (6144K), 2 survivors (4096K)
 Metaspace       used 35233K, committed 35520K, reserved 1081344K
  class space    used 4727K, committed 4864K, reserved 1048576K
}
Event: 1,762 GC heap after
{Heap after GC invocations=7 (full 0):
 garbage-first heap   total 61440K, used 20616K [0x0000000706000000, 0x0000000800000000)
  region size 2048K, 1 young (2048K), 1 survivors (2048K)
 Metaspace       used 35233K, committed 35520K, reserved 1081344K
  class space    used 4727K, committed 4864K, reserved 1048576K
}
Event: 1,928 GC heap before
{Heap before GC invocations=8 (full 0):
 garbage-first heap   total 61440K, used 43144K [0x0000000706000000, 0x0000000800000000)
  region size 2048K, 12 young (24576K), 1 survivors (2048K)
 Metaspace       used 38927K, committed 39232K, reserved 1089536K
  class space    used 5253K, committed 5376K, reserved 1048576K
}
Event: 1,930 GC heap after
{Heap after GC invocations=9 (full 0):
 garbage-first heap   total 61440K, used 21101K [0x0000000706000000, 0x0000000800000000)
  region size 2048K, 1 young (2048K), 1 survivors (2048K)
 Metaspace       used 38927K, committed 39232K, reserved 1089536K
  class space    used 5253K, committed 5376K, reserved 1048576K
}
Event: 2,051 GC heap before
{Heap before GC invocations=9 (full 0):
 garbage-first heap   total 61440K, used 43629K [0x0000000706000000, 0x0000000800000000)
  region size 2048K, 12 young (24576K), 1 survivors (2048K)
 Metaspace       used 41832K, committed 42112K, reserved 1089536K
  class space    used 5595K, committed 5696K, reserved 1048576K
}
Event: 2,054 GC heap after
{Heap after GC invocations=10 (full 0):
 garbage-first heap   total 159744K, used 21956K [0x0000000706000000, 0x0000000800000000)
  region size 2048K, 1 young (2048K), 1 survivors (2048K)
 Metaspace       used 41832K, committed 42112K, reserved 1089536K
  class space    used 5595K, committed 5696K, reserved 1048576K
}
Event: 3,206 GC heap before
{Heap before GC invocations=10 (full 0):
 garbage-first heap   total 159744K, used 114116K [0x0000000706000000, 0x0000000800000000)
  region size 2048K, 46 young (94208K), 1 survivors (2048K)
 Metaspace       used 52701K, committed 53056K, reserved 1097728K
  class space    used 7165K, committed 7360K, reserved 1048576K
}

